finished1
i=0:0hel,0,0
i=1:1hel,1,1
i=2:2hel,8,1.41421
i=3:3hel,27,1.73205
i=4:4hel,64,2
i=5:5hel,125,2.23607
i=6:6hel,216,2.44949
i=7:7hel,343,2.64575
i=8:8hel,512,2.82843
i=9:9hel,729,3
i=10:10hel,1000,3.16228
i=11:11hel,1331,3.31662
i=12:12hel,1728,3.4641
i=13:13hel,2197,3.60555
i=14:14hel,2744,3.74166
i=15:15hel,3375,3.87298
i=16:16hel,4096,4
i=17:17hel,4913,4.12311
i=18:18hel,5832,4.24264
i=19:19hel,6859,4.3589
i=20:20hel,8000,4.47214
i=21:21hel,9261,4.58258
i=22:22hel,10648,4.69042
i=23:23hel,12167,4.79583
i=24:24hel,13824,4.89898
i=25:25hel,15625,5
i=26:26hel,17576,5.09902
i=27:27hel,19683,5.19615
i=28:28hel,21952,5.2915
i=29:29hel,24389,5.38516
i=30:30hel,27000,5.47723
i=31:31hel,29791,5.56776
i=32:32hel,32768,5.65685
i=33:33hel,35937,5.74456
i=34:34hel,39304,5.83095
i=35:35hel,42875,5.91608
i=36:36hel,46656,6
i=37:37hel,50653,6.08276
i=38:38hel,54872,6.16441
i=39:39hel,59319,6.245
i=40:40hel,64000,6.32456
i=41:41hel,68921,6.40312
i=42:42hel,74088,6.48074
i=43:43hel,79507,6.55744
i=44:44hel,85184,6.63325
i=45:45hel,91125,6.7082
i=46:46hel,97336,6.78233
i=47:47hel,103823,6.85565
i=48:48hel,110592,6.9282
i=49:49hel,117649,7
i=50:50hel,125000,7.07107
i=51:51hel,132651,7.14143
i=52:52hel,140608,7.2111
i=53:53hel,148877,7.28011
i=54:54hel,157464,7.34847
i=55:55hel,166375,7.4162
i=56:56hel,175616,7.48331
i=57:57hel,185193,7.54983
i=58:58hel,195112,7.61577
i=59:59hel,205379,7.68115
i=60:60hel,216000,7.74597
i=61:61hel,226981,7.81025
i=62:62hel,238328,7.87401
i=63:63hel,250047,7.93725
i=64:64hel,262144,8
i=65:65hel,274625,8.06226
i=66:66hel,287496,8.12404
i=67:67hel,300763,8.18535
i=68:68hel,314432,8.24621
i=69:69hel,328509,8.30662
i=70:70hel,343000,8.3666
i=71:71hel,357911,8.42615
i=72:72hel,373248,8.48528
i=73:73hel,389017,8.544
i=74:74hel,405224,8.60233
i=75:75hel,421875,8.66025
i=76:76hel,438976,8.7178
i=77:77hel,456533,8.77496
i=78:78hel,474552,8.83176
i=79:79hel,493039,8.88819
i=80:80hel,512000,8.94427
i=81:81hel,531441,9
i=82:82hel,551368,9.05539
i=83:83hel,571787,9.11043
i=84:84hel,592704,9.16515
i=85:85hel,614125,9.21954
i=86:86hel,636056,9.27362
i=87:87hel,658503,9.32738
i=88:88hel,681472,9.38083
i=89:89hel,704969,9.43398
i=90:90hel,729000,9.48683
i=91:91hel,753571,9.53939
i=92:92hel,778688,9.59166
i=93:93hel,804357,9.64365
i=94:94hel,830584,9.69536
i=95:95hel,857375,9.74679
i=96:96hel,884736,9.79796
i=97:97hel,912673,9.84886
i=98:98hel,941192,9.89949
i=99:99hel,970299,9.94987
testfile2.txt
recordsize=13
recordcount=100
pagecount=2
i=0:3hel,27,1.73205
i=1:12hel,1728,3.4641
i=2:24hel,13824,4.89898
i=3:41hel,68921,6.40312
i=4:45hel,91125,6.7082
i=5:47hel,103823,6.85565
i=6:62hel,238328,7.87401
i=7:74hel,405224,8.60233
